<?xml version="1.0" encoding="UTF-8"?>
<!-- Generated by org.testng.reporters.JUnitReportReporter -->
<testsuite skipped="4" hostname="Jeka-Lenovo" name="com.qa.test.EcomTest" tests="8" failures="0" timestamp="2023-03-07T18:41:58 EST" time="24.086" errors="0">
  <testcase name="login" time="5.903" classname="com.qa.test.EcomTest"/>
  <system-out/>
  <testcase name="login" time="5.725" classname="com.qa.test.EcomTest"/>
  <system-out/>
  <testcase name="login" time="6.707" classname="com.qa.test.EcomTest"/>
  <system-out/>
  <testcase name="login" time="5.751" classname="com.qa.test.EcomTest"/>
  <system-out/>
  <testcase name="footerLinkTest" classname="com.qa.test.EcomTest">
    <skipped/>
  </testcase> <!-- footerLinkTest -->
  <system-out/>
  <testcase name="registerNewUserTest" classname="com.qa.test.EcomTest">
    <skipped/>
  </testcase> <!-- registerNewUserTest -->
  <system-out/>
  <testcase name="registerExistingUserTest" classname="com.qa.test.EcomTest">
    <skipped/>
  </testcase> <!-- registerExistingUserTest -->
  <system-out/>
  <testcase name="titleTest" classname="com.qa.test.EcomTest">
    <skipped/>
  </testcase> <!-- titleTest -->
  <system-out/>
</testsuite> <!-- com.qa.test.EcomTest -->
